2026-03-19 21:57:51,747 - INFO - Import best-fit parameters from SCLC fitting...
2026-03-19 21:57:51,761 - INFO - {'l1_d_sclc': 3.28e-07, 'W_L': 4.362478392556494, 'W_R_sclc': 4.200000043430672, 'mu_e': -16.354444994345954, 'E_d_sh': 4.228569930482258, 'N_t_sh': 50.656872099270345, 'N_t_d': 48.40830545410283, 'Rpdark': [10.8, 34.6]}
2026-03-19 21:57:51,762 - INFO - Initializing Hybrid Optuna Workflow...
2026-03-19 21:57:55,316 - INFO - Enqueued SCLC pre-fit as starting point.
2026-03-19 21:57:55,317 - INFO - Starting Multi-Objective Optimization...
2026-03-19 22:05:00,692 - INFO - Optimization complete. Best trade-off trials:
2026-03-19 22:05:00,771 - INFO - Trial 0: SCLC Error = 0.0015, JVi Error = 0.1526
2026-03-19 22:05:00,775 - INFO - Trial 294: SCLC Error = 0.0027, JVi Error = 0.1461
2026-03-19 22:05:00,777 - INFO - Trial 313: SCLC Error = 0.0054, JVi Error = 0.0459
2026-03-19 22:05:00,779 - INFO - Trial 336: SCLC Error = 0.0051, JVi Error = 0.1425
2026-03-19 22:05:00,780 - INFO - Trial 351: SCLC Error = 0.0058, JVi Error = 0.0198
2026-03-19 22:05:00,781 - INFO - Trial 398: SCLC Error = 0.0078, JVi Error = 0.0160
2026-03-19 22:05:18,830 - INFO - best-fit0 simulation with spectrum from Data/LED_(*)_B10n1-1.txt
2026-03-19 22:05:22,144 - INFO - Phi vs. jv charac plot saved for B10n1-1 at c:\Users\e.kim\Desktop\simS_sclc\NNtraining_simss\NN_results\20260306-090915_two_defects_7p\SE04_2nd_round_fit\hybrid_nsga2_d328_Eg125
2026-03-19 22:05:33,868 - INFO - best-fit1 simulation with spectrum from Data/LED_(*)_B10n1-1.txt
2026-03-19 22:05:36,199 - INFO - Phi vs. jv charac plot saved for B10n1-1 at c:\Users\e.kim\Desktop\simS_sclc\NNtraining_simss\NN_results\20260306-090915_two_defects_7p\SE04_2nd_round_fit\hybrid_nsga2_d328_Eg125
2026-03-19 22:05:48,792 - INFO - best-fit2 simulation with spectrum from Data/LED_(*)_B10n1-1.txt
2026-03-19 22:05:50,786 - INFO - Phi vs. jv charac plot saved for B10n1-1 at c:\Users\e.kim\Desktop\simS_sclc\NNtraining_simss\NN_results\20260306-090915_two_defects_7p\SE04_2nd_round_fit\hybrid_nsga2_d328_Eg125
2026-03-19 22:06:03,890 - INFO - best-fit3 simulation with spectrum from Data/LED_(*)_B10n1-1.txt
2026-03-19 22:06:06,072 - INFO - Phi vs. jv charac plot saved for B10n1-1 at c:\Users\e.kim\Desktop\simS_sclc\NNtraining_simss\NN_results\20260306-090915_two_defects_7p\SE04_2nd_round_fit\hybrid_nsga2_d328_Eg125
2026-03-19 22:06:18,452 - INFO - best-fit4 simulation with spectrum from Data/LED_(*)_B10n1-1.txt
2026-03-19 22:06:20,507 - INFO - Phi vs. jv charac plot saved for B10n1-1 at c:\Users\e.kim\Desktop\simS_sclc\NNtraining_simss\NN_results\20260306-090915_two_defects_7p\SE04_2nd_round_fit\hybrid_nsga2_d328_Eg125
