2026-03-19 14:02:54,802 - INFO - Import best-fit parameters from SCLC fitting...
2026-03-19 14:02:54,810 - INFO - {'l1_d_sclc': 3.28e-07, 'W_L': 4.362478392556494, 'W_R_sclc': 4.200000043430672, 'mu_e': -16.354444994345954, 'E_d_sh': 4.228569930482258, 'N_t_sh': 50.656872099270345, 'N_t_d': 48.40830545410283, 'Rpdark': [10.8, 34.6]}
2026-03-19 14:02:54,812 - INFO - Initializing Hybrid Optuna Workflow...
2026-03-19 14:02:58,893 - INFO - Enqueued SCLC pre-fit as starting point.
2026-03-19 14:02:58,894 - INFO - Starting Multi-Objective Optimization...
2026-03-19 14:10:32,909 - INFO - Import best-fit parameters from SCLC fitting...
2026-03-19 14:10:32,913 - INFO - {'l1_d_sclc': 3.28e-07, 'W_L': 4.362478392556494, 'W_R_sclc': 4.200000043430672, 'mu_e': -16.354444994345954, 'E_d_sh': 4.228569930482258, 'N_t_sh': 50.656872099270345, 'N_t_d': 48.40830545410283, 'Rpdark': [10.8, 34.6]}
2026-03-19 14:10:32,916 - INFO - Initializing Hybrid Optuna Workflow...
2026-03-19 14:10:33,341 - INFO - Enqueued SCLC pre-fit as starting point.
2026-03-19 14:10:33,342 - INFO - Starting Multi-Objective Optimization...
2026-03-19 14:11:21,293 - INFO - Import best-fit parameters from SCLC fitting...
2026-03-19 14:11:21,301 - INFO - {'l1_d_sclc': 3.28e-07, 'W_L': 4.362478392556494, 'W_R_sclc': 4.200000043430672, 'mu_e': -16.354444994345954, 'E_d_sh': 4.228569930482258, 'N_t_sh': 50.656872099270345, 'N_t_d': 48.40830545410283, 'Rpdark': [10.8, 34.6]}
2026-03-19 14:11:21,302 - INFO - Initializing Hybrid Optuna Workflow...
2026-03-19 14:11:21,720 - INFO - Enqueued SCLC pre-fit as starting point.
2026-03-19 14:11:21,721 - INFO - Starting Multi-Objective Optimization...
2026-03-19 14:15:30,818 - INFO - Optimization complete. Best trade-off trials:
2026-03-19 14:15:30,892 - INFO - Trial 0: SCLC Error = 0.0015, JVi Error = 0.1602
2026-03-19 14:15:30,892 - INFO - Trial 260: SCLC Error = 0.0158, JVi Error = 0.0369
2026-03-19 14:15:30,893 - INFO - Trial 289: SCLC Error = 0.0091, JVi Error = 0.0397
2026-03-19 14:15:30,894 - INFO - Trial 309: SCLC Error = 0.0048, JVi Error = 0.0551
2026-03-19 14:15:30,894 - INFO - Trial 319: SCLC Error = 0.0049, JVi Error = 0.0399
2026-03-19 14:15:30,895 - INFO - Trial 332: SCLC Error = 0.0343, JVi Error = 0.0338
2026-03-19 14:15:30,895 - INFO - Trial 377: SCLC Error = 0.0435, JVi Error = 0.0293
2026-03-19 14:15:30,896 - INFO - Trial 393: SCLC Error = 0.0027, JVi Error = 0.1071
2026-03-19 14:16:35,035 - INFO - best-fit0 simulation with spectrum from Data/LED_()_B10n1-1.txt
2026-03-19 14:16:37,345 - INFO - Phi vs. jv charac plot saved for B10n1-1 at c:\Users\e.kim\Desktop\simS_sclc\NNtraining_simss\NN_results\20260306-090915_two_defects_7p\SE04_2nd_round_fit\hybrid_nsga2_d328_exp11
2026-03-19 14:16:45,107 - INFO - best-fit1 simulation with spectrum from Data/LED_()_B10n1-1.txt
2026-03-19 14:16:46,205 - INFO - Phi vs. jv charac plot saved for B10n1-1 at c:\Users\e.kim\Desktop\simS_sclc\NNtraining_simss\NN_results\20260306-090915_two_defects_7p\SE04_2nd_round_fit\hybrid_nsga2_d328_exp11
2026-03-19 14:17:48,841 - INFO - best-fit0 simulation with spectrum from Data/LED_()_B10n1-1.txt
2026-03-19 14:17:49,970 - INFO - Phi vs. jv charac plot saved for B10n1-1 at c:\Users\e.kim\Desktop\simS_sclc\NNtraining_simss\NN_results\20260306-090915_two_defects_7p\SE04_2nd_round_fit\hybrid_nsga2_d328_exp11
2026-03-19 14:17:57,180 - INFO - best-fit1 simulation with spectrum from Data/LED_()_B10n1-1.txt
2026-03-19 14:17:58,285 - INFO - Phi vs. jv charac plot saved for B10n1-1 at c:\Users\e.kim\Desktop\simS_sclc\NNtraining_simss\NN_results\20260306-090915_two_defects_7p\SE04_2nd_round_fit\hybrid_nsga2_d328_exp11
2026-03-19 14:18:05,493 - INFO - best-fit2 simulation with spectrum from Data/LED_()_B10n1-1.txt
2026-03-19 14:18:06,652 - INFO - Phi vs. jv charac plot saved for B10n1-1 at c:\Users\e.kim\Desktop\simS_sclc\NNtraining_simss\NN_results\20260306-090915_two_defects_7p\SE04_2nd_round_fit\hybrid_nsga2_d328_exp11
2026-03-19 14:18:14,112 - INFO - best-fit3 simulation with spectrum from Data/LED_()_B10n1-1.txt
2026-03-19 14:18:15,467 - INFO - Phi vs. jv charac plot saved for B10n1-1 at c:\Users\e.kim\Desktop\simS_sclc\NNtraining_simss\NN_results\20260306-090915_two_defects_7p\SE04_2nd_round_fit\hybrid_nsga2_d328_exp11
2026-03-19 14:18:23,274 - INFO - best-fit4 simulation with spectrum from Data/LED_()_B10n1-1.txt
2026-03-19 14:18:24,487 - INFO - Phi vs. jv charac plot saved for B10n1-1 at c:\Users\e.kim\Desktop\simS_sclc\NNtraining_simss\NN_results\20260306-090915_two_defects_7p\SE04_2nd_round_fit\hybrid_nsga2_d328_exp11
2026-03-19 14:18:32,282 - INFO - best-fit5 simulation with spectrum from Data/LED_()_B10n1-1.txt
2026-03-19 14:18:33,469 - INFO - Phi vs. jv charac plot saved for B10n1-1 at c:\Users\e.kim\Desktop\simS_sclc\NNtraining_simss\NN_results\20260306-090915_two_defects_7p\SE04_2nd_round_fit\hybrid_nsga2_d328_exp11
2026-03-19 14:18:40,830 - INFO - best-fit6 simulation with spectrum from Data/LED_()_B10n1-1.txt
2026-03-19 14:18:42,230 - INFO - Phi vs. jv charac plot saved for B10n1-1 at c:\Users\e.kim\Desktop\simS_sclc\NNtraining_simss\NN_results\20260306-090915_two_defects_7p\SE04_2nd_round_fit\hybrid_nsga2_d328_exp11
2026-03-19 18:09:41,153 - INFO - Import best-fit parameters from SCLC fitting...
2026-03-19 18:09:41,167 - INFO - {'l1_d_sclc': 3.28e-07, 'W_L': 4.362478392556494, 'W_R_sclc': 4.200000043430672, 'mu_e': -16.354444994345954, 'E_d_sh': 4.228569930482258, 'N_t_sh': 50.656872099270345, 'N_t_d': 48.40830545410283, 'Rpdark': [10.8, 34.6]}
2026-03-19 18:09:41,170 - INFO - Initializing Hybrid Optuna Workflow...
2026-03-19 18:09:44,606 - INFO - Enqueued SCLC pre-fit as starting point.
2026-03-19 18:09:44,607 - INFO - Starting Multi-Objective Optimization...
2026-03-19 18:15:36,977 - INFO - Optimization complete. Best trade-off trials:
2026-03-19 18:15:37,073 - INFO - Trial 0: SCLC Error = 0.0015, JVi Error = 0.0812
2026-03-19 18:15:37,074 - INFO - Trial 150: SCLC Error = 0.0070, JVi Error = 0.0434
2026-03-19 18:15:37,075 - INFO - Trial 219: SCLC Error = 0.0059, JVi Error = 0.0521
2026-03-19 18:15:37,076 - INFO - Trial 310: SCLC Error = 0.0064, JVi Error = 0.0491
2026-03-19 18:15:37,077 - INFO - Trial 318: SCLC Error = 0.0013, JVi Error = 0.0988
2026-03-19 18:15:37,079 - INFO - Trial 325: SCLC Error = 0.0034, JVi Error = 0.0764
2026-03-19 18:15:37,079 - INFO - Trial 338: SCLC Error = 0.0041, JVi Error = 0.0670
2026-03-19 18:15:37,080 - INFO - Trial 348: SCLC Error = 0.0150, JVi Error = 0.0404
2026-03-19 18:15:37,081 - INFO - Trial 370: SCLC Error = 0.0014, JVi Error = 0.0940
2026-03-19 18:15:37,083 - INFO - Trial 372: SCLC Error = 0.0062, JVi Error = 0.0521
2026-03-19 18:15:37,085 - INFO - Trial 390: SCLC Error = 0.0049, JVi Error = 0.0623
2026-03-19 18:16:22,580 - INFO - best-fit0 simulation with spectrum from Data/LED_()_B10n1-1.txt
2026-03-19 18:18:05,139 - INFO - best-fit0 simulation with spectrum from Data/LED_()_B10n1-1.txt
2026-03-19 18:18:06,504 - INFO - Phi vs. jv charac plot saved for B10n1-1 at c:\Users\e.kim\Desktop\simS_sclc\NNtraining_simss\NN_results\20260306-090915_two_defects_7p\SE04_2nd_round_fit\hybrid_nsga2_d328_exp11
2026-03-19 18:18:15,771 - INFO - best-fit1 simulation with spectrum from Data/LED_()_B10n1-1.txt
2026-03-19 18:18:17,604 - INFO - Phi vs. jv charac plot saved for B10n1-1 at c:\Users\e.kim\Desktop\simS_sclc\NNtraining_simss\NN_results\20260306-090915_two_defects_7p\SE04_2nd_round_fit\hybrid_nsga2_d328_exp11
2026-03-19 18:18:26,900 - INFO - best-fit2 simulation with spectrum from Data/LED_()_B10n1-1.txt
2026-03-19 18:19:05,066 - INFO - best-fit0 simulation with spectrum from Data/LED_()_B10n1-1.txt
2026-03-19 18:19:06,410 - INFO - Phi vs. jv charac plot saved for B10n1-1 at c:\Users\e.kim\Desktop\simS_sclc\NNtraining_simss\NN_results\20260306-090915_two_defects_7p\SE04_2nd_round_fit\hybrid_nsga2_d328_exp11
2026-03-19 18:19:16,023 - INFO - best-fit1 simulation with spectrum from Data/LED_()_B10n1-1.txt
2026-03-19 18:19:17,311 - INFO - Phi vs. jv charac plot saved for B10n1-1 at c:\Users\e.kim\Desktop\simS_sclc\NNtraining_simss\NN_results\20260306-090915_two_defects_7p\SE04_2nd_round_fit\hybrid_nsga2_d328_exp11
2026-03-19 18:19:26,357 - INFO - best-fit2 simulation with spectrum from Data/LED_()_B10n1-1.txt
2026-03-19 18:19:28,450 - INFO - Phi vs. jv charac plot saved for B10n1-1 at c:\Users\e.kim\Desktop\simS_sclc\NNtraining_simss\NN_results\20260306-090915_two_defects_7p\SE04_2nd_round_fit\hybrid_nsga2_d328_exp11
2026-03-19 18:19:39,951 - INFO - best-fit3 simulation with spectrum from Data/LED_()_B10n1-1.txt
2026-03-19 18:19:41,859 - INFO - Phi vs. jv charac plot saved for B10n1-1 at c:\Users\e.kim\Desktop\simS_sclc\NNtraining_simss\NN_results\20260306-090915_two_defects_7p\SE04_2nd_round_fit\hybrid_nsga2_d328_exp11
2026-03-19 18:19:55,701 - INFO - best-fit4 simulation with spectrum from Data/LED_()_B10n1-1.txt
2026-03-19 18:19:57,590 - INFO - Phi vs. jv charac plot saved for B10n1-1 at c:\Users\e.kim\Desktop\simS_sclc\NNtraining_simss\NN_results\20260306-090915_two_defects_7p\SE04_2nd_round_fit\hybrid_nsga2_d328_exp11
2026-03-19 18:20:10,023 - INFO - best-fit5 simulation with spectrum from Data/LED_()_B10n1-1.txt
2026-03-19 18:20:12,264 - INFO - Phi vs. jv charac plot saved for B10n1-1 at c:\Users\e.kim\Desktop\simS_sclc\NNtraining_simss\NN_results\20260306-090915_two_defects_7p\SE04_2nd_round_fit\hybrid_nsga2_d328_exp11
2026-03-19 18:20:25,347 - INFO - best-fit6 simulation with spectrum from Data/LED_()_B10n1-1.txt
2026-03-19 18:20:27,179 - INFO - Phi vs. jv charac plot saved for B10n1-1 at c:\Users\e.kim\Desktop\simS_sclc\NNtraining_simss\NN_results\20260306-090915_two_defects_7p\SE04_2nd_round_fit\hybrid_nsga2_d328_exp11
2026-03-19 18:20:39,244 - INFO - best-fit7 simulation with spectrum from Data/LED_()_B10n1-1.txt
2026-03-19 18:20:41,363 - INFO - Phi vs. jv charac plot saved for B10n1-1 at c:\Users\e.kim\Desktop\simS_sclc\NNtraining_simss\NN_results\20260306-090915_two_defects_7p\SE04_2nd_round_fit\hybrid_nsga2_d328_exp11
2026-03-19 18:20:54,064 - INFO - best-fit8 simulation with spectrum from Data/LED_()_B10n1-1.txt
2026-03-19 18:20:57,041 - INFO - Phi vs. jv charac plot saved for B10n1-1 at c:\Users\e.kim\Desktop\simS_sclc\NNtraining_simss\NN_results\20260306-090915_two_defects_7p\SE04_2nd_round_fit\hybrid_nsga2_d328_exp11
2026-03-19 18:21:12,163 - INFO - best-fit9 simulation with spectrum from Data/LED_()_B10n1-1.txt
2026-03-19 18:21:14,402 - INFO - Phi vs. jv charac plot saved for B10n1-1 at c:\Users\e.kim\Desktop\simS_sclc\NNtraining_simss\NN_results\20260306-090915_two_defects_7p\SE04_2nd_round_fit\hybrid_nsga2_d328_exp11
2026-03-19 18:28:19,833 - INFO - Import best-fit parameters from SCLC fitting...
2026-03-19 18:28:19,842 - INFO - {'l1_d_sclc': 3.28e-07, 'W_L': 4.362478392556494, 'W_R_sclc': 4.200000043430672, 'mu_e': -16.354444994345954, 'E_d_sh': 4.228569930482258, 'N_t_sh': 50.656872099270345, 'N_t_d': 48.40830545410283, 'Rpdark': [10.8, 34.6]}
2026-03-19 18:28:19,844 - INFO - Initializing Hybrid Optuna Workflow...
2026-03-19 18:28:20,268 - INFO - Enqueued SCLC pre-fit as starting point.
2026-03-19 18:28:20,270 - INFO - Starting Multi-Objective Optimization...
2026-03-19 18:34:14,674 - INFO - Optimization complete. Best trade-off trials:
2026-03-19 18:34:14,732 - INFO - Trial 0: SCLC Error = 0.0015, JVi Error = 0.1264
2026-03-19 18:34:14,733 - INFO - Trial 357: SCLC Error = 0.0252, JVi Error = 0.0087
2026-03-19 18:34:14,734 - INFO - Trial 374: SCLC Error = 0.0038, JVi Error = 0.0196
2026-03-19 18:34:14,735 - INFO - Trial 383: SCLC Error = 0.0033, JVi Error = 0.0468
2026-03-19 18:34:14,735 - INFO - Trial 393: SCLC Error = 0.0074, JVi Error = 0.0192
2026-03-19 18:34:57,688 - INFO - best-fit0 simulation with spectrum from Data/LED_()_B10n1-1.txt
2026-03-19 18:34:59,832 - INFO - Phi vs. jv charac plot saved for B10n1-1 at c:\Users\e.kim\Desktop\simS_sclc\NNtraining_simss\NN_results\20260306-090915_two_defects_7p\SE04_2nd_round_fit\hybrid_nsga2_d328_exp3
2026-03-19 18:35:12,314 - INFO - best-fit1 simulation with spectrum from Data/LED_()_B10n1-1.txt
2026-03-19 18:35:14,346 - INFO - Phi vs. jv charac plot saved for B10n1-1 at c:\Users\e.kim\Desktop\simS_sclc\NNtraining_simss\NN_results\20260306-090915_two_defects_7p\SE04_2nd_round_fit\hybrid_nsga2_d328_exp3
2026-03-19 18:35:26,698 - INFO - best-fit2 simulation with spectrum from Data/LED_()_B10n1-1.txt
2026-03-19 18:35:28,863 - INFO - Phi vs. jv charac plot saved for B10n1-1 at c:\Users\e.kim\Desktop\simS_sclc\NNtraining_simss\NN_results\20260306-090915_two_defects_7p\SE04_2nd_round_fit\hybrid_nsga2_d328_exp3
2026-03-19 18:35:41,116 - INFO - best-fit3 simulation with spectrum from Data/LED_()_B10n1-1.txt
2026-03-19 18:35:43,086 - INFO - Phi vs. jv charac plot saved for B10n1-1 at c:\Users\e.kim\Desktop\simS_sclc\NNtraining_simss\NN_results\20260306-090915_two_defects_7p\SE04_2nd_round_fit\hybrid_nsga2_d328_exp3
2026-03-19 21:46:09,308 - INFO - Import best-fit parameters from SCLC fitting...
2026-03-19 21:46:09,333 - INFO - {'l1_d_sclc': 3.28e-07, 'W_L': 4.362478392556494, 'W_R_sclc': 4.200000043430672, 'mu_e': -16.354444994345954, 'E_d_sh': 4.228569930482258, 'N_t_sh': 50.656872099270345, 'N_t_d': 48.40830545410283, 'Rpdark': [10.8, 34.6]}
2026-03-19 21:46:09,334 - INFO - Initializing Hybrid Optuna Workflow...
2026-03-19 21:46:11,307 - INFO - Enqueued SCLC pre-fit as starting point.
2026-03-19 21:46:11,309 - INFO - Starting Multi-Objective Optimization...
2026-03-19 21:53:28,309 - INFO - Optimization complete. Best trade-off trials:
2026-03-19 21:53:28,397 - INFO - Trial 0: SCLC Error = 0.0015, JVi Error = 0.1526
2026-03-19 21:53:28,398 - INFO - Trial 94: SCLC Error = 0.0112, JVi Error = 0.0351
2026-03-19 21:53:28,399 - INFO - Trial 175: SCLC Error = 0.0277, JVi Error = 0.0250
2026-03-19 21:53:28,400 - INFO - Trial 342: SCLC Error = 0.0126, JVi Error = 0.0259
2026-03-19 21:53:28,401 - INFO - Trial 362: SCLC Error = 0.0073, JVi Error = 0.0688
2026-03-19 21:53:28,402 - INFO - Trial 380: SCLC Error = 0.0108, JVi Error = 0.0568
2026-03-19 21:53:28,403 - INFO - Trial 386: SCLC Error = 0.0015, JVi Error = 0.2808
2026-03-19 21:53:28,403 - INFO - Trial 390: SCLC Error = 0.0013, JVi Error = 0.3742
2026-03-19 21:53:28,404 - INFO - Trial 391: SCLC Error = 0.0018, JVi Error = 0.0942
2026-03-19 21:53:45,543 - INFO - best-fit0 simulation with spectrum from Data/LED_(*)_B10n1-1.txt
2026-03-19 21:53:49,210 - INFO - Phi vs. jv charac plot saved for B10n1-1 at c:\Users\e.kim\Desktop\simS_sclc\NNtraining_simss\NN_results\20260306-090915_two_defects_7p\SE04_2nd_round_fit\hybrid_nsga2_d328_Eg125
2026-03-19 21:54:02,589 - INFO - best-fit1 simulation with spectrum from Data/LED_(*)_B10n1-1.txt
2026-03-19 21:54:04,426 - INFO - Phi vs. jv charac plot saved for B10n1-1 at c:\Users\e.kim\Desktop\simS_sclc\NNtraining_simss\NN_results\20260306-090915_two_defects_7p\SE04_2nd_round_fit\hybrid_nsga2_d328_Eg125
2026-03-19 21:54:16,371 - INFO - best-fit2 simulation with spectrum from Data/LED_(*)_B10n1-1.txt
2026-03-19 21:54:18,479 - INFO - Phi vs. jv charac plot saved for B10n1-1 at c:\Users\e.kim\Desktop\simS_sclc\NNtraining_simss\NN_results\20260306-090915_two_defects_7p\SE04_2nd_round_fit\hybrid_nsga2_d328_Eg125
2026-03-19 21:54:30,841 - INFO - best-fit3 simulation with spectrum from Data/LED_(*)_B10n1-1.txt
2026-03-19 21:54:32,964 - INFO - Phi vs. jv charac plot saved for B10n1-1 at c:\Users\e.kim\Desktop\simS_sclc\NNtraining_simss\NN_results\20260306-090915_two_defects_7p\SE04_2nd_round_fit\hybrid_nsga2_d328_Eg125
2026-03-19 21:54:44,860 - INFO - best-fit4 simulation with spectrum from Data/LED_(*)_B10n1-1.txt
2026-03-19 21:54:47,132 - INFO - Phi vs. jv charac plot saved for B10n1-1 at c:\Users\e.kim\Desktop\simS_sclc\NNtraining_simss\NN_results\20260306-090915_two_defects_7p\SE04_2nd_round_fit\hybrid_nsga2_d328_Eg125
2026-03-19 21:55:00,027 - INFO - best-fit5 simulation with spectrum from Data/LED_(*)_B10n1-1.txt
2026-03-19 21:55:01,911 - INFO - Phi vs. jv charac plot saved for B10n1-1 at c:\Users\e.kim\Desktop\simS_sclc\NNtraining_simss\NN_results\20260306-090915_two_defects_7p\SE04_2nd_round_fit\hybrid_nsga2_d328_Eg125
2026-03-19 21:55:15,092 - INFO - best-fit6 simulation with spectrum from Data/LED_(*)_B10n1-1.txt
2026-03-19 21:55:17,183 - INFO - Phi vs. jv charac plot saved for B10n1-1 at c:\Users\e.kim\Desktop\simS_sclc\NNtraining_simss\NN_results\20260306-090915_two_defects_7p\SE04_2nd_round_fit\hybrid_nsga2_d328_Eg125
2026-03-19 21:55:29,471 - INFO - best-fit7 simulation with spectrum from Data/LED_(*)_B10n1-1.txt
2026-03-19 21:55:31,559 - INFO - Phi vs. jv charac plot saved for B10n1-1 at c:\Users\e.kim\Desktop\simS_sclc\NNtraining_simss\NN_results\20260306-090915_two_defects_7p\SE04_2nd_round_fit\hybrid_nsga2_d328_Eg125
