2026-03-19 22:18:59,280 - INFO - Import best-fit parameters from SCLC fitting...
2026-03-19 22:18:59,293 - INFO - {'l1_d_sclc': 3.28e-07, 'W_L': 4.362478392556494, 'W_R_sclc': 4.200000043430672, 'mu_e': -16.354444994345954, 'E_d_sh': 4.228569930482258, 'N_t_sh': 50.656872099270345, 'N_t_d': 48.40830545410283, 'Rpdark': [10.8, 34.6]}
2026-03-19 22:18:59,294 - INFO - Initializing Hybrid Optuna Workflow...
2026-03-19 22:19:02,500 - INFO - Enqueued SCLC pre-fit as starting point.
2026-03-19 22:19:02,501 - INFO - Starting Multi-Objective Optimization...
2026-03-19 22:19:17,868 - INFO - Import best-fit parameters from SCLC fitting...
2026-03-19 22:19:17,873 - INFO - {'l1_d_sclc': 3.28e-07, 'W_L': 4.362478392556494, 'W_R_sclc': 4.200000043430672, 'mu_e': -16.354444994345954, 'E_d_sh': 4.228569930482258, 'N_t_sh': 50.656872099270345, 'N_t_d': 48.40830545410283, 'Rpdark': [10.8, 34.6]}
2026-03-19 22:19:17,878 - INFO - Initializing Hybrid Optuna Workflow...
2026-03-19 22:19:18,049 - INFO - Enqueued SCLC pre-fit as starting point.
2026-03-19 22:19:18,050 - INFO - Starting Multi-Objective Optimization...
2026-03-19 22:19:52,099 - WARNING - SimSS failed: Boolean index has wrong length: 51 instead of 50
2026-03-19 22:26:10,845 - INFO - Optimization complete. Best trade-off trials:
2026-03-19 22:26:10,976 - INFO - Trial 0: SCLC Error = 0.0015, JVi Error = 0.1340
2026-03-19 22:26:10,977 - INFO - Trial 207: SCLC Error = 0.0026, JVi Error = 0.0480
2026-03-19 22:26:10,978 - INFO - Trial 359: SCLC Error = 0.0049, JVi Error = 0.0156
2026-03-19 22:26:10,979 - INFO - Trial 381: SCLC Error = 0.0030, JVi Error = 0.0227
2026-03-19 22:26:10,981 - INFO - Trial 384: SCLC Error = 0.0109, JVi Error = 0.0128
2026-03-19 22:26:10,982 - INFO - Trial 392: SCLC Error = 0.0121, JVi Error = 0.0064
2026-03-19 22:26:10,983 - INFO - Trial 393: SCLC Error = 0.0059, JVi Error = 0.0151
2026-03-19 22:31:58,188 - INFO - best-fit0 simulation with spectrum from Data/LED_(*)_B10n1-1.txt
2026-03-19 22:32:00,847 - INFO - Phi vs. jv charac plot saved for B10n1-1 at c:\Users\e.kim\Desktop\simS_sclc\NNtraining_simss\NN_results\20260306-090915_two_defects_7p\SE04_2nd_round_fit\hybrid_nsga2_d328_exp4
2026-03-19 22:32:09,604 - INFO - best-fit1 simulation with spectrum from Data/LED_(*)_B10n1-1.txt
2026-03-19 22:32:13,077 - INFO - Phi vs. jv charac plot saved for B10n1-1 at c:\Users\e.kim\Desktop\simS_sclc\NNtraining_simss\NN_results\20260306-090915_two_defects_7p\SE04_2nd_round_fit\hybrid_nsga2_d328_exp4
2026-03-19 22:32:22,697 - INFO - best-fit2 simulation with spectrum from Data/LED_(*)_B10n1-1.txt
2026-03-19 22:32:25,165 - INFO - Phi vs. jv charac plot saved for B10n1-1 at c:\Users\e.kim\Desktop\simS_sclc\NNtraining_simss\NN_results\20260306-090915_two_defects_7p\SE04_2nd_round_fit\hybrid_nsga2_d328_exp4
2026-03-19 22:32:33,281 - INFO - best-fit3 simulation with spectrum from Data/LED_(*)_B10n1-1.txt
2026-03-19 22:32:35,945 - INFO - Phi vs. jv charac plot saved for B10n1-1 at c:\Users\e.kim\Desktop\simS_sclc\NNtraining_simss\NN_results\20260306-090915_two_defects_7p\SE04_2nd_round_fit\hybrid_nsga2_d328_exp4
2026-03-19 22:32:44,593 - INFO - best-fit4 simulation with spectrum from Data/LED_(*)_B10n1-1.txt
2026-03-19 22:32:47,526 - INFO - Phi vs. jv charac plot saved for B10n1-1 at c:\Users\e.kim\Desktop\simS_sclc\NNtraining_simss\NN_results\20260306-090915_two_defects_7p\SE04_2nd_round_fit\hybrid_nsga2_d328_exp4
2026-03-19 22:33:00,050 - INFO - best-fit5 simulation with spectrum from Data/LED_(*)_B10n1-1.txt
2026-03-19 22:33:02,195 - INFO - Phi vs. jv charac plot saved for B10n1-1 at c:\Users\e.kim\Desktop\simS_sclc\NNtraining_simss\NN_results\20260306-090915_two_defects_7p\SE04_2nd_round_fit\hybrid_nsga2_d328_exp4
